<?xml version="1.0" encoding="UTF-8"?>
<!-- Generated by org.testng.reporters.JUnitReportReporter -->
<testsuite hostname="DESKTOP-RG9RCGV" name="aa.runners.RunnerClass" tests="1" failures="0" timestamp="13 Aug 2020 02:47:53 GMT" time="14.061" errors="0">
  <testcase name="feature" time="14.061" classname="aa.runners.RunnerClass"/>
</testsuite> <!-- aa.runners.RunnerClass -->
